Start testing: Dec 05 16:37 PST
----------------------------------------------------------
1/11 Testing: TutorialRuns
1/11 Test: TutorialRuns
Command: "/home/wayne/development/cmake_test/build/Tutorial" "25"
Directory: /home/wayne/development/cmake_test/build
"TutorialRuns" start time: Dec 05 16:37 PST
Output:
----------------------------------------------------------
Computing sqrt of 25 to be 13
Computing sqrt of 25 to be 7.46154
Computing sqrt of 25 to be 5.40603
Computing sqrt of 25 to be 5.01525
Computing sqrt of 25 to be 5.00002
Computing sqrt of 25 to be 5
Computing sqrt of 25 to be 5
Computing sqrt of 25 to be 5
Computing sqrt of 25 to be 5
Computing sqrt of 25 to be 5
The square root of 25 is 5
<end of output>
Test time =   0.00 sec
----------------------------------------------------------
Test Passed.
"TutorialRuns" end time: Dec 05 16:37 PST
"TutorialRuns" time elapsed: 00:00:00
----------------------------------------------------------

2/11 Testing: TutorialComp25
2/11 Test: TutorialComp25
Command: "/home/wayne/development/cmake_test/build/Tutorial" "25"
Directory: /home/wayne/development/cmake_test/build
"TutorialComp25" start time: Dec 05 16:37 PST
Output:
----------------------------------------------------------
Computing sqrt of 25 to be 13
Computing sqrt of 25 to be 7.46154
Computing sqrt of 25 to be 5.40603
Computing sqrt of 25 to be 5.01525
Computing sqrt of 25 to be 5.00002
Computing sqrt of 25 to be 5
Computing sqrt of 25 to be 5
Computing sqrt of 25 to be 5
Computing sqrt of 25 to be 5
Computing sqrt of 25 to be 5
The square root of 25 is 5
<end of output>
Test time =   0.00 sec
----------------------------------------------------------
Test Pass Reason:
Required regular expression found.Regex=[25 is 5
]
"TutorialComp25" end time: Dec 05 16:37 PST
"TutorialComp25" time elapsed: 00:00:00
----------------------------------------------------------

3/11 Testing: TutorialNegative
3/11 Test: TutorialNegative
Command: "/home/wayne/development/cmake_test/build/Tutorial" "-25"
Directory: /home/wayne/development/cmake_test/build
"TutorialNegative" start time: Dec 05 16:37 PST
Output:
----------------------------------------------------------
The square root of -25 is 0
<end of output>
Test time =   0.00 sec
----------------------------------------------------------
Test Pass Reason:
Required regular expression found.Regex=[-25 is 0
]
"TutorialNegative" end time: Dec 05 16:37 PST
"TutorialNegative" time elapsed: 00:00:00
----------------------------------------------------------

4/11 Testing: TutorialSmall
4/11 Test: TutorialSmall
Command: "/home/wayne/development/cmake_test/build/Tutorial" "0.0001"
Directory: /home/wayne/development/cmake_test/build
"TutorialSmall" start time: Dec 05 16:37 PST
Output:
----------------------------------------------------------
Computing sqrt of 0.0001 to be 0.50005
Computing sqrt of 0.0001 to be 0.250125
Computing sqrt of 0.0001 to be 0.125262
Computing sqrt of 0.0001 to be 0.0630304
Computing sqrt of 0.0001 to be 0.0323084
Computing sqrt of 0.0001 to be 0.0177018
Computing sqrt of 0.0001 to be 0.0116755
Computing sqrt of 0.0001 to be 0.0101202
Computing sqrt of 0.0001 to be 0.0100007
Computing sqrt of 0.0001 to be 0.01
The square root of 0.0001 is 0.01
<end of output>
Test time =   0.00 sec
----------------------------------------------------------
Test Pass Reason:
Required regular expression found.Regex=[0.0001 is 0.01
]
"TutorialSmall" end time: Dec 05 16:37 PST
"TutorialSmall" time elapsed: 00:00:00
----------------------------------------------------------

5/11 Testing: TutorialUsage
5/11 Test: TutorialUsage
Command: "/home/wayne/development/cmake_test/build/Tutorial"
Directory: /home/wayne/development/cmake_test/build
"TutorialUsage" start time: Dec 05 16:37 PST
Output:
----------------------------------------------------------
/home/wayne/development/cmake_test/build/Tutorial Version 1.0
Usage: /home/wayne/development/cmake_test/build/Tutorial number
<end of output>
Test time =   0.00 sec
----------------------------------------------------------
Test Pass Reason:
Required regular expression found.Regex=[Usage:.*number
]
"TutorialUsage" end time: Dec 05 16:37 PST
"TutorialUsage" time elapsed: 00:00:00
----------------------------------------------------------

6/11 Testing: TutorialComp4
6/11 Test: TutorialComp4
Command: "/home/wayne/development/cmake_test/build/Tutorial" "4"
Directory: /home/wayne/development/cmake_test/build
"TutorialComp4" start time: Dec 05 16:37 PST
Output:
----------------------------------------------------------
Computing sqrt of 4 to be 2.5
Computing sqrt of 4 to be 2.05
Computing sqrt of 4 to be 2.00061
Computing sqrt of 4 to be 2
Computing sqrt of 4 to be 2
Computing sqrt of 4 to be 2
Computing sqrt of 4 to be 2
Computing sqrt of 4 to be 2
Computing sqrt of 4 to be 2
Computing sqrt of 4 to be 2
The square root of 4 is 2
<end of output>
Test time =   0.00 sec
----------------------------------------------------------
Test Pass Reason:
Required regular expression found.Regex=[4 is 2
]
"TutorialComp4" end time: Dec 05 16:37 PST
"TutorialComp4" time elapsed: 00:00:00
----------------------------------------------------------

7/11 Testing: TutorialComp9
7/11 Test: TutorialComp9
Command: "/home/wayne/development/cmake_test/build/Tutorial" "9"
Directory: /home/wayne/development/cmake_test/build
"TutorialComp9" start time: Dec 05 16:37 PST
Output:
----------------------------------------------------------
Computing sqrt of 9 to be 5
Computing sqrt of 9 to be 3.4
Computing sqrt of 9 to be 3.02353
Computing sqrt of 9 to be 3.00009
Computing sqrt of 9 to be 3
Computing sqrt of 9 to be 3
Computing sqrt of 9 to be 3
Computing sqrt of 9 to be 3
Computing sqrt of 9 to be 3
Computing sqrt of 9 to be 3
The square root of 9 is 3
<end of output>
Test time =   0.00 sec
----------------------------------------------------------
Test Pass Reason:
Required regular expression found.Regex=[9 is 3
]
"TutorialComp9" end time: Dec 05 16:37 PST
"TutorialComp9" time elapsed: 00:00:00
----------------------------------------------------------

8/11 Testing: TutorialComp5
8/11 Test: TutorialComp5
Command: "/home/wayne/development/cmake_test/build/Tutorial" "5"
Directory: /home/wayne/development/cmake_test/build
"TutorialComp5" start time: Dec 05 16:37 PST
Output:
----------------------------------------------------------
Computing sqrt of 5 to be 3
Computing sqrt of 5 to be 2.33333
Computing sqrt of 5 to be 2.2381
Computing sqrt of 5 to be 2.23607
Computing sqrt of 5 to be 2.23607
Computing sqrt of 5 to be 2.23607
Computing sqrt of 5 to be 2.23607
Computing sqrt of 5 to be 2.23607
Computing sqrt of 5 to be 2.23607
Computing sqrt of 5 to be 2.23607
The square root of 5 is 2.23607
<end of output>
Test time =   0.00 sec
----------------------------------------------------------
Test Pass Reason:
Required regular expression found.Regex=[5 is 2.236
]
"TutorialComp5" end time: Dec 05 16:37 PST
"TutorialComp5" time elapsed: 00:00:00
----------------------------------------------------------

9/11 Testing: TutorialComp7
9/11 Test: TutorialComp7
Command: "/home/wayne/development/cmake_test/build/Tutorial" "7"
Directory: /home/wayne/development/cmake_test/build
"TutorialComp7" start time: Dec 05 16:37 PST
Output:
----------------------------------------------------------
Computing sqrt of 7 to be 4
Computing sqrt of 7 to be 2.875
Computing sqrt of 7 to be 2.65489
Computing sqrt of 7 to be 2.64577
Computing sqrt of 7 to be 2.64575
Computing sqrt of 7 to be 2.64575
Computing sqrt of 7 to be 2.64575
Computing sqrt of 7 to be 2.64575
Computing sqrt of 7 to be 2.64575
Computing sqrt of 7 to be 2.64575
The square root of 7 is 2.64575
<end of output>
Test time =   0.00 sec
----------------------------------------------------------
Test Pass Reason:
Required regular expression found.Regex=[7 is 2.645
]
"TutorialComp7" end time: Dec 05 16:37 PST
"TutorialComp7" time elapsed: 00:00:00
----------------------------------------------------------

10/11 Testing: TutorialComp-25
10/11 Test: TutorialComp-25
Command: "/home/wayne/development/cmake_test/build/Tutorial" "-25"
Directory: /home/wayne/development/cmake_test/build
"TutorialComp-25" start time: Dec 05 16:37 PST
Output:
----------------------------------------------------------
The square root of -25 is 0
<end of output>
Test time =   0.00 sec
----------------------------------------------------------
Test Pass Reason:
Required regular expression found.Regex=[-25 is 0
]
"TutorialComp-25" end time: Dec 05 16:37 PST
"TutorialComp-25" time elapsed: 00:00:00
----------------------------------------------------------

11/11 Testing: TutorialComp0.0001
11/11 Test: TutorialComp0.0001
Command: "/home/wayne/development/cmake_test/build/Tutorial" "0.0001"
Directory: /home/wayne/development/cmake_test/build
"TutorialComp0.0001" start time: Dec 05 16:37 PST
Output:
----------------------------------------------------------
Computing sqrt of 0.0001 to be 0.50005
Computing sqrt of 0.0001 to be 0.250125
Computing sqrt of 0.0001 to be 0.125262
Computing sqrt of 0.0001 to be 0.0630304
Computing sqrt of 0.0001 to be 0.0323084
Computing sqrt of 0.0001 to be 0.0177018
Computing sqrt of 0.0001 to be 0.0116755
Computing sqrt of 0.0001 to be 0.0101202
Computing sqrt of 0.0001 to be 0.0100007
Computing sqrt of 0.0001 to be 0.01
The square root of 0.0001 is 0.01
<end of output>
Test time =   0.00 sec
----------------------------------------------------------
Test Pass Reason:
Required regular expression found.Regex=[0.0001 is 0.01
]
"TutorialComp0.0001" end time: Dec 05 16:37 PST
"TutorialComp0.0001" time elapsed: 00:00:00
----------------------------------------------------------

End testing: Dec 05 16:37 PST
